Updating...
Stop playing...
Connected to server
Updating...
Stop playing...
Disconnected from server
Connected to server
Updating...
Stop playing...
rYhGRvkYLA2HHyrhuMMd rYhGRvkYLA2HHyrhuMMd viewed true
rYhGRvkYLA2HHyrhuMMd rYhGRvkYLA2HHyrhuMMd pending true
Playing
Start playing...
Connected to server
Updating...
Stop playing...
rYhGRvkYLA2HHyrhuMMd rYhGRvkYLA2HHyrhuMMd viewed true
rYhGRvkYLA2HHyrhuMMd rYhGRvkYLA2HHyrhuMMd viewed true
Updating...
Stop playing...
rYhGRvkYLA2HHyrhuMMd rYhGRvkYLA2HHyrhuMMd viewed true
rYhGRvkYLA2HHyrhuMMd rYhGRvkYLA2HHyrhuMMd viewed true
Updating...
Stop playing...
rYhGRvkYLA2HHyrhuMMd rYhGRvkYLA2HHyrhuMMd viewed true
rYhGRvkYLA2HHyrhuMMd rYhGRvkYLA2HHyrhuMMd viewed true
Connected to server
Disconnected from server
Connected to server
Disconnected from server
Connected to server
Disconnected from server
Connected to server
Disconnected from server
Connected to server
Updating...
Stop playing...
rYhGRvkYLA2HHyrhuMMd rYhGRvkYLA2HHyrhuMMd pending true
Playing
Start playing...
Updating...
Updating...
Stop playing...
rYhGRvkYLA2HHyrhuMMd rYhGRvkYLA2HHyrhuMMd viewed true
Stop playing...
rYhGRvkYLA2HHyrhuMMd rYhGRvkYLA2HHyrhuMMd viewed true
Updating...
Stop playing...
rYhGRvkYLA2HHyrhuMMd rYhGRvkYLA2HHyrhuMMd pending true
Playing
Start playing...
Updating...
Stop playing...
rYhGRvkYLA2HHyrhuMMd rYhGRvkYLA2HHyrhuMMd viewed true
Updating...
Stop playing...
rYhGRvkYLA2HHyrhuMMd rYhGRvkYLA2HHyrhuMMd viewed true
Updating...
Stop playing...
rYhGRvkYLA2HHyrhuMMd rYhGRvkYLA2HHyrhuMMd viewed true
kBxRLzdrxEvajpB5whyI rYhGRvkYLA2HHyrhuMMd pending false
Updating...
Stop playing...
rYhGRvkYLA2HHyrhuMMd rYhGRvkYLA2HHyrhuMMd viewed true
kBxRLzdrxEvajpB5whyI rYhGRvkYLA2HHyrhuMMd pending false
Updating...
Stop playing...
rYhGRvkYLA2HHyrhuMMd rYhGRvkYLA2HHyrhuMMd viewed true
kBxRLzdrxEvajpB5whyI rYhGRvkYLA2HHyrhuMMd pending false
Updating...
Stop playing...
rYhGRvkYLA2HHyrhuMMd rYhGRvkYLA2HHyrhuMMd viewed true
kBxRLzdrxEvajpB5whyI rYhGRvkYLA2HHyrhuMMd viewed false
Updating...
Stop playing...
rYhGRvkYLA2HHyrhuMMd rYhGRvkYLA2HHyrhuMMd viewed true
kBxRLzdrxEvajpB5whyI rYhGRvkYLA2HHyrhuMMd viewed false
kBxRLzdrxEvajpB5whyI rYhGRvkYLA2HHyrhuMMd pending false
Updating...
Stop playing...
rYhGRvkYLA2HHyrhuMMd rYhGRvkYLA2HHyrhuMMd viewed true
kBxRLzdrxEvajpB5whyI rYhGRvkYLA2HHyrhuMMd viewed false
kBxRLzdrxEvajpB5whyI rYhGRvkYLA2HHyrhuMMd pending false
Updating...
Stop playing...
rYhGRvkYLA2HHyrhuMMd rYhGRvkYLA2HHyrhuMMd viewed true
kBxRLzdrxEvajpB5whyI rYhGRvkYLA2HHyrhuMMd viewed false
kBxRLzdrxEvajpB5whyI rYhGRvkYLA2HHyrhuMMd viewed false
Updating...
Stop playing...
rYhGRvkYLA2HHyrhuMMd rYhGRvkYLA2HHyrhuMMd viewed true
kBxRLzdrxEvajpB5whyI rYhGRvkYLA2HHyrhuMMd viewed false
kBxRLzdrxEvajpB5whyI rYhGRvkYLA2HHyrhuMMd viewed false
Updating...
Stop playing...
rYhGRvkYLA2HHyrhuMMd rYhGRvkYLA2HHyrhuMMd viewed true
kBxRLzdrxEvajpB5whyI rYhGRvkYLA2HHyrhuMMd bringing false
kBxRLzdrxEvajpB5whyI rYhGRvkYLA2HHyrhuMMd viewed false
Updating...
Stop playing...
rYhGRvkYLA2HHyrhuMMd rYhGRvkYLA2HHyrhuMMd viewed true
kBxRLzdrxEvajpB5whyI rYhGRvkYLA2HHyrhuMMd bringing false
Updating...
Stop playing...
rYhGRvkYLA2HHyrhuMMd rYhGRvkYLA2HHyrhuMMd viewed true
kBxRLzdrxEvajpB5whyI rYhGRvkYLA2HHyrhuMMd pending false
Updating...
Stop playing...
rYhGRvkYLA2HHyrhuMMd rYhGRvkYLA2HHyrhuMMd viewed true
kBxRLzdrxEvajpB5whyI rYhGRvkYLA2HHyrhuMMd pending false
Updating...
Stop playing...
rYhGRvkYLA2HHyrhuMMd rYhGRvkYLA2HHyrhuMMd viewed true
kBxRLzdrxEvajpB5whyI rYhGRvkYLA2HHyrhuMMd pending false
Updating...
Stop playing...
rYhGRvkYLA2HHyrhuMMd rYhGRvkYLA2HHyrhuMMd viewed true
kBxRLzdrxEvajpB5whyI rYhGRvkYLA2HHyrhuMMd viewed false
Updating...
Stop playing...
rYhGRvkYLA2HHyrhuMMd rYhGRvkYLA2HHyrhuMMd viewed true
kBxRLzdrxEvajpB5whyI rYhGRvkYLA2HHyrhuMMd bringing false
Updating...
Stop playing...
kBxRLzdrxEvajpB5whyI rYhGRvkYLA2HHyrhuMMd pending false
Updating...
Stop playing...
kBxRLzdrxEvajpB5whyI rYhGRvkYLA2HHyrhuMMd pending false
Updating...
Stop playing...
kBxRLzdrxEvajpB5whyI rYhGRvkYLA2HHyrhuMMd pending false
Updating...
Stop playing...
kBxRLzdrxEvajpB5whyI rYhGRvkYLA2HHyrhuMMd viewed false
Updating...
Stop playing...
kBxRLzdrxEvajpB5whyI rYhGRvkYLA2HHyrhuMMd viewed false
35qBvtgaYPnHcceJ8HEk rYhGRvkYLA2HHyrhuMMd pending false
Updating...
Stop playing...
kBxRLzdrxEvajpB5whyI rYhGRvkYLA2HHyrhuMMd viewed false
35qBvtgaYPnHcceJ8HEk rYhGRvkYLA2HHyrhuMMd pending false
Updating...
Stop playing...
kBxRLzdrxEvajpB5whyI rYhGRvkYLA2HHyrhuMMd viewed false
35qBvtgaYPnHcceJ8HEk rYhGRvkYLA2HHyrhuMMd pending false
Updating...
Stop playing...
kBxRLzdrxEvajpB5whyI rYhGRvkYLA2HHyrhuMMd bringing false
Disconnected from server
Connected to server
Updating...
Stop playing...
LVV9rkl0azuC1Nnfs4Xf rYhGRvkYLA2HHyrhuMMd pending false
Updating...
Stop playing...
LVV9rkl0azuC1Nnfs4Xf rYhGRvkYLA2HHyrhuMMd viewed false
Updating...
Stop playing...
LVV9rkl0azuC1Nnfs4Xf rYhGRvkYLA2HHyrhuMMd viewed false
Updating...
Stop playing...
LVV9rkl0azuC1Nnfs4Xf rYhGRvkYLA2HHyrhuMMd viewed false
Updating...
Stop playing...
LVV9rkl0azuC1Nnfs4Xf rYhGRvkYLA2HHyrhuMMd viewed false
Updating...
Stop playing...
LVV9rkl0azuC1Nnfs4Xf rYhGRvkYLA2HHyrhuMMd viewed false
Updating...
Stop playing...
LVV9rkl0azuC1Nnfs4Xf rYhGRvkYLA2HHyrhuMMd viewed false
Updating...
Stop playing...
LVV9rkl0azuC1Nnfs4Xf rYhGRvkYLA2HHyrhuMMd viewed false
Updating...
Stop playing...
LVV9rkl0azuC1Nnfs4Xf rYhGRvkYLA2HHyrhuMMd bringing false
Updating...
Stop playing...
kBxRLzdrxEvajpB5whyI rYhGRvkYLA2HHyrhuMMd pending false
Updating...
Stop playing...
kBxRLzdrxEvajpB5whyI rYhGRvkYLA2HHyrhuMMd pending false
Updating...
Stop playing...
kBxRLzdrxEvajpB5whyI rYhGRvkYLA2HHyrhuMMd viewed false
Updating...
Stop playing...
kBxRLzdrxEvajpB5whyI rYhGRvkYLA2HHyrhuMMd viewed false
Updating...
Stop playing...
kBxRLzdrxEvajpB5whyI rYhGRvkYLA2HHyrhuMMd viewed false
35qBvtgaYPnHcceJ8HEk rYhGRvkYLA2HHyrhuMMd pending false
Updating...
Stop playing...
kBxRLzdrxEvajpB5whyI rYhGRvkYLA2HHyrhuMMd viewed false
35qBvtgaYPnHcceJ8HEk rYhGRvkYLA2HHyrhuMMd viewed false
Updating...
Stop playing...
kBxRLzdrxEvajpB5whyI rYhGRvkYLA2HHyrhuMMd viewed false
35qBvtgaYPnHcceJ8HEk rYhGRvkYLA2HHyrhuMMd viewed false
Updating...
Stop playing...
kBxRLzdrxEvajpB5whyI rYhGRvkYLA2HHyrhuMMd viewed false
35qBvtgaYPnHcceJ8HEk rYhGRvkYLA2HHyrhuMMd viewed false
Updating...
Stop playing...
kBxRLzdrxEvajpB5whyI rYhGRvkYLA2HHyrhuMMd ready false
35qBvtgaYPnHcceJ8HEk rYhGRvkYLA2HHyrhuMMd viewed false
Updating...
Stop playing...
kBxRLzdrxEvajpB5whyI rYhGRvkYLA2HHyrhuMMd bringing false
35qBvtgaYPnHcceJ8HEk rYhGRvkYLA2HHyrhuMMd viewed false
Updating...
Stop playing...
35qBvtgaYPnHcceJ8HEk rYhGRvkYLA2HHyrhuMMd ready false
Updating...
Stop playing...
35qBvtgaYPnHcceJ8HEk rYhGRvkYLA2HHyrhuMMd bringing false
Updating...
Stop playing...
rYhGRvkYLA2HHyrhuMMd rYhGRvkYLA2HHyrhuMMd pending true
Playing
Start playing...
